This file contains any messages produced by compilers while
running configure, to aid debugging if configure makes a mistake.

It was created by QuantLib configure 1.9, which was
generated by GNU Autoconf 2.69.  Invocation command line was

  $ ./configure 

## --------- ##
## Platform. ##
## --------- ##

hostname = aashaka-Inspiron-3537
uname -m = x86_64
uname -r = 4.4.0-57-generic
uname -s = Linux
uname -v = #78-Ubuntu SMP Fri Dec 9 23:50:32 UTC 2016

/usr/bin/uname -p = unknown
/bin/uname -X     = unknown

/bin/arch              = unknown
/usr/bin/arch -k       = unknown
/usr/convex/getsysinfo = unknown
/usr/bin/hostinfo      = unknown
/bin/machine           = unknown
/usr/bin/oslevel       = unknown
/bin/universe          = unknown

PATH: /usr/local/heroku/bin
PATH: /usr/local/sbin
PATH: /usr/local/bin
PATH: /usr/sbin
PATH: /usr/bin
PATH: /sbin
PATH: /bin
PATH: /usr/games
PATH: /usr/local/games
PATH: /snap/bin
PATH: /home/aashaka/.rvm/bin
PATH: /home/aashaka/.rvm/bin


## ----------- ##
## Core tests. ##
## ----------- ##

configure:2464: checking for a BSD-compatible install
configure:2532: result: /usr/bin/install -c
configure:2543: checking whether build environment is sane
configure:2598: result: yes
configure:2749: checking for a thread-safe mkdir -p
configure:2788: result: /bin/mkdir -p
configure:2795: checking for gawk
configure:2825: result: no
configure:2795: checking for mawk
configure:2811: found /usr/bin/mawk
configure:2822: result: mawk
configure:2833: checking whether make sets $(MAKE)
configure:2855: result: yes
configure:2884: checking whether make supports nested variables
configure:2901: result: yes
configure:3035: checking for gawk
configure:3062: result: mawk
configure:3157: checking for gcc
configure:3173: found /usr/bin/gcc
configure:3184: result: gcc
configure:3413: checking for C compiler version
configure:3422: gcc --version >&5
gcc (Ubuntu 5.4.0-6ubuntu1~16.04.4) 5.4.0 20160609
Copyright (C) 2015 Free Software Foundation, Inc.
This is free software; see the source for copying conditions.  There is NO
warranty; not even for MERCHANTABILITY or FITNESS FOR A PARTICULAR PURPOSE.

configure:3433: $? = 0
configure:3422: gcc -v >&5
Using built-in specs.
COLLECT_GCC=gcc
COLLECT_LTO_WRAPPER=/usr/lib/gcc/x86_64-linux-gnu/5/lto-wrapper
Target: x86_64-linux-gnu
Configured with: ../src/configure -v --with-pkgversion='Ubuntu 5.4.0-6ubuntu1~16.04.4' --with-bugurl=file:///usr/share/doc/gcc-5/README.Bugs --enable-languages=c,ada,c++,java,go,d,fortran,objc,obj-c++ --prefix=/usr --program-suffix=-5 --enable-shared --enable-linker-build-id --libexecdir=/usr/lib --without-included-gettext --enable-threads=posix --libdir=/usr/lib --enable-nls --with-sysroot=/ --enable-clocale=gnu --enable-libstdcxx-debug --enable-libstdcxx-time=yes --with-default-libstdcxx-abi=new --enable-gnu-unique-object --disable-vtable-verify --enable-libmpx --enable-plugin --with-system-zlib --disable-browser-plugin --enable-java-awt=gtk --enable-gtk-cairo --with-java-home=/usr/lib/jvm/java-1.5.0-gcj-5-amd64/jre --enable-java-home --with-jvm-root-dir=/usr/lib/jvm/java-1.5.0-gcj-5-amd64 --with-jvm-jar-dir=/usr/lib/jvm-exports/java-1.5.0-gcj-5-amd64 --with-arch-directory=amd64 --with-ecj-jar=/usr/share/java/eclipse-ecj.jar --enable-objc-gc --enable-multiarch --disable-werror --with-arch-32=i686 --with-abi=m64 --with-multilib-list=m32,m64,mx32 --enable-multilib --with-tune=generic --enable-checking=release --build=x86_64-linux-gnu --host=x86_64-linux-gnu --target=x86_64-linux-gnu
Thread model: posix
gcc version 5.4.0 20160609 (Ubuntu 5.4.0-6ubuntu1~16.04.4) 
configure:3433: $? = 0
configure:3422: gcc -V >&5
gcc: error: unrecognized command line option '-V'
gcc: fatal error: no input files
compilation terminated.
configure:3433: $? = 1
configure:3422: gcc -qversion >&5
gcc: error: unrecognized command line option '-qversion'
gcc: fatal error: no input files
compilation terminated.
configure:3433: $? = 1
configure:3453: checking whether the C compiler works
configure:3475: gcc    conftest.c  >&5
configure:3479: $? = 0
configure:3527: result: yes
configure:3530: checking for C compiler default output file name
configure:3532: result: a.out
configure:3538: checking for suffix of executables
configure:3545: gcc -o conftest    conftest.c  >&5
configure:3549: $? = 0
configure:3571: result: 
configure:3593: checking whether we are cross compiling
configure:3601: gcc -o conftest    conftest.c  >&5
configure:3605: $? = 0
configure:3612: ./conftest
configure:3616: $? = 0
configure:3631: result: no
configure:3636: checking for suffix of object files
configure:3658: gcc -c   conftest.c >&5
configure:3662: $? = 0
configure:3683: result: o
configure:3687: checking whether we are using the GNU C compiler
configure:3706: gcc -c   conftest.c >&5
configure:3706: $? = 0
configure:3715: result: yes
configure:3724: checking whether gcc accepts -g
configure:3744: gcc -c -g  conftest.c >&5
configure:3744: $? = 0
configure:3785: result: yes
configure:3802: checking for gcc option to accept ISO C89
configure:3865: gcc  -c -g -O2  conftest.c >&5
configure:3865: $? = 0
configure:3878: result: none needed
configure:3903: checking whether gcc understands -c and -o together
configure:3925: gcc -c conftest.c -o conftest2.o
configure:3928: $? = 0
configure:3925: gcc -c conftest.c -o conftest2.o
configure:3928: $? = 0
configure:3940: result: yes
configure:3968: checking for style of include used by make
configure:3996: result: GNU
configure:4022: checking dependency style of gcc
configure:4133: result: gcc3
configure:4206: checking for g++
configure:4222: found /usr/bin/g++
configure:4233: result: g++
configure:4260: checking for C++ compiler version
configure:4269: g++ --version >&5
g++ (Ubuntu 5.4.0-6ubuntu1~16.04.4) 5.4.0 20160609
Copyright (C) 2015 Free Software Foundation, Inc.
This is free software; see the source for copying conditions.  There is NO
warranty; not even for MERCHANTABILITY or FITNESS FOR A PARTICULAR PURPOSE.

configure:4280: $? = 0
configure:4269: g++ -v >&5
Using built-in specs.
COLLECT_GCC=g++
COLLECT_LTO_WRAPPER=/usr/lib/gcc/x86_64-linux-gnu/5/lto-wrapper
Target: x86_64-linux-gnu
Configured with: ../src/configure -v --with-pkgversion='Ubuntu 5.4.0-6ubuntu1~16.04.4' --with-bugurl=file:///usr/share/doc/gcc-5/README.Bugs --enable-languages=c,ada,c++,java,go,d,fortran,objc,obj-c++ --prefix=/usr --program-suffix=-5 --enable-shared --enable-linker-build-id --libexecdir=/usr/lib --without-included-gettext --enable-threads=posix --libdir=/usr/lib --enable-nls --with-sysroot=/ --enable-clocale=gnu --enable-libstdcxx-debug --enable-libstdcxx-time=yes --with-default-libstdcxx-abi=new --enable-gnu-unique-object --disable-vtable-verify --enable-libmpx --enable-plugin --with-system-zlib --disable-browser-plugin --enable-java-awt=gtk --enable-gtk-cairo --with-java-home=/usr/lib/jvm/java-1.5.0-gcj-5-amd64/jre --enable-java-home --with-jvm-root-dir=/usr/lib/jvm/java-1.5.0-gcj-5-amd64 --with-jvm-jar-dir=/usr/lib/jvm-exports/java-1.5.0-gcj-5-amd64 --with-arch-directory=amd64 --with-ecj-jar=/usr/share/java/eclipse-ecj.jar --enable-objc-gc --enable-multiarch --disable-werror --with-arch-32=i686 --with-abi=m64 --with-multilib-list=m32,m64,mx32 --enable-multilib --with-tune=generic --enable-checking=release --build=x86_64-linux-gnu --host=x86_64-linux-gnu --target=x86_64-linux-gnu
Thread model: posix
gcc version 5.4.0 20160609 (Ubuntu 5.4.0-6ubuntu1~16.04.4) 
configure:4280: $? = 0
configure:4269: g++ -V >&5
g++: error: unrecognized command line option '-V'
g++: fatal error: no input files
compilation terminated.
configure:4280: $? = 1
configure:4269: g++ -qversion >&5
g++: error: unrecognized command line option '-qversion'
g++: fatal error: no input files
compilation terminated.
configure:4280: $? = 1
configure:4284: checking whether we are using the GNU C++ compiler
configure:4303: g++ -c   conftest.cpp >&5
configure:4303: $? = 0
configure:4312: result: yes
configure:4321: checking whether g++ accepts -g
configure:4341: g++ -c -g  conftest.cpp >&5
configure:4341: $? = 0
configure:4382: result: yes
configure:4407: checking dependency style of g++
configure:4518: result: gcc3
configure:4538: checking how to run the C preprocessor
configure:4569: gcc -E  conftest.c
configure:4569: $? = 0
configure:4583: gcc -E  conftest.c
conftest.c:11:28: fatal error: ac_nonexistent.h: No such file or directory
compilation terminated.
configure:4583: $? = 1
configure: failed program was:
| /* confdefs.h */
| #define PACKAGE_NAME "QuantLib"
| #define PACKAGE_TARNAME "QuantLib"
| #define PACKAGE_VERSION "1.9"
| #define PACKAGE_STRING "QuantLib 1.9"
| #define PACKAGE_BUGREPORT "quantlib-dev@lists.sourceforge.net"
| #define PACKAGE_URL ""
| #define PACKAGE "QuantLib"
| #define VERSION "1.9"
| /* end confdefs.h.  */
| #include <ac_nonexistent.h>
configure:4608: result: gcc -E
configure:4628: gcc -E  conftest.c
configure:4628: $? = 0
configure:4642: gcc -E  conftest.c
conftest.c:11:28: fatal error: ac_nonexistent.h: No such file or directory
compilation terminated.
configure:4642: $? = 1
configure: failed program was:
| /* confdefs.h */
| #define PACKAGE_NAME "QuantLib"
| #define PACKAGE_TARNAME "QuantLib"
| #define PACKAGE_VERSION "1.9"
| #define PACKAGE_STRING "QuantLib 1.9"
| #define PACKAGE_BUGREPORT "quantlib-dev@lists.sourceforge.net"
| #define PACKAGE_URL ""
| #define PACKAGE "QuantLib"
| #define VERSION "1.9"
| /* end confdefs.h.  */
| #include <ac_nonexistent.h>
configure:4699: checking build system type
configure:4713: result: x86_64-unknown-linux-gnu
configure:4733: checking host system type
configure:4746: result: x86_64-unknown-linux-gnu
configure:4787: checking how to print strings
configure:4814: result: printf
configure:4835: checking for a sed that does not truncate output
configure:4899: result: /bin/sed
configure:4917: checking for grep that handles long lines and -e
configure:4975: result: /bin/grep
configure:4980: checking for egrep
configure:5042: result: /bin/grep -E
configure:5047: checking for fgrep
configure:5109: result: /bin/grep -F
configure:5144: checking for ld used by gcc
configure:5211: result: /usr/bin/ld
configure:5218: checking if the linker (/usr/bin/ld) is GNU ld
configure:5233: result: yes
configure:5245: checking for BSD- or MS-compatible name lister (nm)
configure:5299: result: /usr/bin/nm -B
configure:5429: checking the name lister (/usr/bin/nm -B) interface
configure:5436: gcc -c -g -O2  conftest.c >&5
configure:5439: /usr/bin/nm -B "conftest.o"
configure:5442: output
0000000000000000 B some_variable
configure:5449: result: BSD nm
configure:5452: checking whether ln -s works
configure:5456: result: yes
configure:5464: checking the maximum length of command line arguments
configure:5595: result: 1572864
configure:5643: checking how to convert x86_64-unknown-linux-gnu file names to x86_64-unknown-linux-gnu format
configure:5683: result: func_convert_file_noop
configure:5690: checking how to convert x86_64-unknown-linux-gnu file names to toolchain format
configure:5710: result: func_convert_file_noop
configure:5717: checking for /usr/bin/ld option to reload object files
configure:5724: result: -r
configure:5798: checking for objdump
configure:5814: found /usr/bin/objdump
configure:5825: result: objdump
configure:5857: checking how to recognize dependent libraries
configure:6057: result: pass_all
configure:6142: checking for dlltool
configure:6172: result: no
configure:6202: checking how to associate runtime and link libraries
configure:6229: result: printf %s\n
configure:6290: checking for ar
configure:6306: found /usr/bin/ar
configure:6317: result: ar
configure:6354: checking for archiver @FILE support
configure:6371: gcc -c -g -O2  conftest.c >&5
configure:6371: $? = 0
configure:6374: ar cru libconftest.a @conftest.lst >&5
ar: `u' modifier ignored since `D' is the default (see `U')
configure:6377: $? = 0
configure:6382: ar cru libconftest.a @conftest.lst >&5
ar: `u' modifier ignored since `D' is the default (see `U')
ar: conftest.o: No such file or directory
configure:6385: $? = 1
configure:6397: result: @
configure:6455: checking for strip
configure:6471: found /usr/bin/strip
configure:6482: result: strip
configure:6554: checking for ranlib
configure:6570: found /usr/bin/ranlib
configure:6581: result: ranlib
configure:6683: checking command to parse /usr/bin/nm -B output from gcc object
configure:6836: gcc -c -g -O2  conftest.c >&5
configure:6839: $? = 0
configure:6843: /usr/bin/nm -B conftest.o \| sed -n -e 's/^.*[ ]\([ABCDGIRSTW][ABCDGIRSTW]*\)[ ][ ]*\([_A-Za-z][_A-Za-z0-9]*\)$/\1 \2 \2/p' | sed '/ __gnu_lto/d' \> conftest.nm
configure:6846: $? = 0
configure:6912: gcc -o conftest -g -O2   conftest.c conftstm.o >&5
configure:6915: $? = 0
configure:6953: result: ok
configure:7000: checking for sysroot
configure:7030: result: no
configure:7037: checking for a working dd
configure:7075: result: /bin/dd
configure:7079: checking how to truncate binary pipes
configure:7094: result: /bin/dd bs=4096 count=1
configure:7230: gcc -c -g -O2  conftest.c >&5
configure:7233: $? = 0
configure:7423: checking for mt
configure:7439: found /bin/mt
configure:7450: result: mt
configure:7473: checking if mt is a manifest tool
configure:7479: mt '-?'
configure:7487: result: no
configure:8160: checking for ANSI C header files
configure:8180: gcc -c -g -O2  conftest.c >&5
configure:8180: $? = 0
configure:8253: gcc -o conftest -g -O2   conftest.c  >&5
configure:8253: $? = 0
configure:8253: ./conftest
configure:8253: $? = 0
configure:8264: result: yes
configure:8277: checking for sys/types.h
configure:8277: gcc -c -g -O2  conftest.c >&5
configure:8277: $? = 0
configure:8277: result: yes
configure:8277: checking for sys/stat.h
configure:8277: gcc -c -g -O2  conftest.c >&5
configure:8277: $? = 0
configure:8277: result: yes
configure:8277: checking for stdlib.h
configure:8277: gcc -c -g -O2  conftest.c >&5
configure:8277: $? = 0
configure:8277: result: yes
configure:8277: checking for string.h
configure:8277: gcc -c -g -O2  conftest.c >&5
configure:8277: $? = 0
configure:8277: result: yes
configure:8277: checking for memory.h
configure:8277: gcc -c -g -O2  conftest.c >&5
configure:8277: $? = 0
configure:8277: result: yes
configure:8277: checking for strings.h
configure:8277: gcc -c -g -O2  conftest.c >&5
configure:8277: $? = 0
configure:8277: result: yes
configure:8277: checking for inttypes.h
configure:8277: gcc -c -g -O2  conftest.c >&5
configure:8277: $? = 0
configure:8277: result: yes
configure:8277: checking for stdint.h
configure:8277: gcc -c -g -O2  conftest.c >&5
configure:8277: $? = 0
configure:8277: result: yes
configure:8277: checking for unistd.h
configure:8277: gcc -c -g -O2  conftest.c >&5
configure:8277: $? = 0
configure:8277: result: yes
configure:8291: checking for dlfcn.h
configure:8291: gcc -c -g -O2  conftest.c >&5
configure:8291: $? = 0
configure:8291: result: yes
configure:8558: checking for objdir
configure:8573: result: .libs
configure:8837: checking if gcc supports -fno-rtti -fno-exceptions
configure:8855: gcc -c -g -O2  -fno-rtti -fno-exceptions conftest.c >&5
cc1: warning: command line option '-fno-rtti' is valid for C++/ObjC++ but not for C
configure:8859: $? = 0
configure:8872: result: no
configure:9230: checking for gcc option to produce PIC
configure:9237: result: -fPIC -DPIC
configure:9245: checking if gcc PIC flag -fPIC -DPIC works
configure:9263: gcc -c -g -O2  -fPIC -DPIC -DPIC conftest.c >&5
configure:9267: $? = 0
configure:9280: result: yes
configure:9309: checking if gcc static flag -static works
configure:9337: result: yes
configure:9352: checking if gcc supports -c -o file.o
configure:9373: gcc -c -g -O2  -o out/conftest2.o conftest.c >&5
configure:9377: $? = 0
configure:9399: result: yes
configure:9407: checking if gcc supports -c -o file.o
configure:9454: result: yes
configure:9487: checking whether the gcc linker (/usr/bin/ld -m elf_x86_64) supports shared libraries
configure:10746: result: yes
configure:10783: checking whether -lc should be explicitly linked in
configure:10791: gcc -c -g -O2  conftest.c >&5
configure:10794: $? = 0
configure:10809: gcc -shared  -fPIC -DPIC conftest.o  -v -Wl,-soname -Wl,conftest -o conftest 2\>\&1 \| /bin/grep  -lc  \>/dev/null 2\>\&1
configure:10812: $? = 0
configure:10826: result: no
configure:10986: checking dynamic linker characteristics
configure:11567: gcc -o conftest -g -O2   -Wl,-rpath -Wl,/foo conftest.c  >&5
configure:11567: $? = 0
configure:11804: result: GNU/Linux ld.so
configure:11926: checking how to hardcode library paths into programs
configure:11951: result: immediate
configure:12499: checking whether stripping libraries is possible
configure:12504: result: yes
configure:12539: checking if libtool supports shared libraries
configure:12541: result: yes
configure:12544: checking whether to build shared libraries
configure:12569: result: yes
configure:12572: checking whether to build static libraries
configure:12576: result: yes
configure:12599: checking how to run the C++ preprocessor
configure:12626: g++ -E  conftest.cpp
configure:12626: $? = 0
configure:12640: g++ -E  conftest.cpp
conftest.cpp:23:28: fatal error: ac_nonexistent.h: No such file or directory
compilation terminated.
configure:12640: $? = 1
configure: failed program was:
| /* confdefs.h */
| #define PACKAGE_NAME "QuantLib"
| #define PACKAGE_TARNAME "QuantLib"
| #define PACKAGE_VERSION "1.9"
| #define PACKAGE_STRING "QuantLib 1.9"
| #define PACKAGE_BUGREPORT "quantlib-dev@lists.sourceforge.net"
| #define PACKAGE_URL ""
| #define PACKAGE "QuantLib"
| #define VERSION "1.9"
| #define STDC_HEADERS 1
| #define HAVE_SYS_TYPES_H 1
| #define HAVE_SYS_STAT_H 1
| #define HAVE_STDLIB_H 1
| #define HAVE_STRING_H 1
| #define HAVE_MEMORY_H 1
| #define HAVE_STRINGS_H 1
| #define HAVE_INTTYPES_H 1
| #define HAVE_STDINT_H 1
| #define HAVE_UNISTD_H 1
| #define HAVE_DLFCN_H 1
| #define LT_OBJDIR ".libs/"
| /* end confdefs.h.  */
| #include <ac_nonexistent.h>
configure:12665: result: g++ -E
configure:12685: g++ -E  conftest.cpp
configure:12685: $? = 0
configure:12699: g++ -E  conftest.cpp
conftest.cpp:23:28: fatal error: ac_nonexistent.h: No such file or directory
compilation terminated.
configure:12699: $? = 1
configure: failed program was:
| /* confdefs.h */
| #define PACKAGE_NAME "QuantLib"
| #define PACKAGE_TARNAME "QuantLib"
| #define PACKAGE_VERSION "1.9"
| #define PACKAGE_STRING "QuantLib 1.9"
| #define PACKAGE_BUGREPORT "quantlib-dev@lists.sourceforge.net"
| #define PACKAGE_URL ""
| #define PACKAGE "QuantLib"
| #define VERSION "1.9"
| #define STDC_HEADERS 1
| #define HAVE_SYS_TYPES_H 1
| #define HAVE_SYS_STAT_H 1
| #define HAVE_STDLIB_H 1
| #define HAVE_STRING_H 1
| #define HAVE_MEMORY_H 1
| #define HAVE_STRINGS_H 1
| #define HAVE_INTTYPES_H 1
| #define HAVE_STDINT_H 1
| #define HAVE_UNISTD_H 1
| #define HAVE_DLFCN_H 1
| #define LT_OBJDIR ".libs/"
| /* end confdefs.h.  */
| #include <ac_nonexistent.h>
configure:12861: checking for ld used by g++
configure:12928: result: /usr/bin/ld -m elf_x86_64
configure:12935: checking if the linker (/usr/bin/ld -m elf_x86_64) is GNU ld
configure:12950: result: yes
configure:13005: checking whether the g++ linker (/usr/bin/ld -m elf_x86_64) supports shared libraries
configure:14078: result: yes
configure:14114: g++ -c -g -O2  conftest.cpp >&5
configure:14117: $? = 0
configure:14598: checking for g++ option to produce PIC
configure:14605: result: -fPIC -DPIC
configure:14613: checking if g++ PIC flag -fPIC -DPIC works
configure:14631: g++ -c -g -O2  -fPIC -DPIC -DPIC conftest.cpp >&5
configure:14635: $? = 0
configure:14648: result: yes
configure:14671: checking if g++ static flag -static works
configure:14699: result: yes
configure:14711: checking if g++ supports -c -o file.o
configure:14732: g++ -c -g -O2  -o out/conftest2.o conftest.cpp >&5
configure:14736: $? = 0
configure:14758: result: yes
configure:14763: checking if g++ supports -c -o file.o
configure:14810: result: yes
configure:14840: checking whether the g++ linker (/usr/bin/ld -m elf_x86_64) supports shared libraries
configure:14880: result: yes
configure:15021: checking dynamic linker characteristics
configure:15766: result: GNU/Linux ld.so
configure:15831: checking how to hardcode library paths into programs
configure:15856: result: immediate
configure:16014: checking for asinh
configure:16027: g++ -c -g -O2  conftest.cpp >&5
configure:16027: $? = 0
configure:16028: result: yes
configure:16043: checking for Boost development files
configure:16059: g++ -c -g -O2  conftest.cpp >&5
configure:16059: $? = 0
configure:16060: result: yes
configure:16070: checking for Boost version >= 1.43
configure:16086: g++ -c -g -O2  conftest.cpp >&5
configure:16086: $? = 0
configure:16087: result: yes
configure:16097: checking for Boost::uBLAS support
configure:16112: g++ -c -g -O2  conftest.cpp >&5
configure:16112: $? = 0
configure:16113: result: yes
configure:16127: checking for Boost unit-test framework
configure:16158: g++ -o conftest -g -O2   conftest.cpp  -lboost_unit_test_framework-gcc54 >&5
/usr/bin/ld: cannot find -lboost_unit_test_framework-gcc54
collect2: error: ld returned 1 exit status
configure:16158: $? = 1
configure: failed program was:
| /* confdefs.h */
| #define PACKAGE_NAME "QuantLib"
| #define PACKAGE_TARNAME "QuantLib"
| #define PACKAGE_VERSION "1.9"
| #define PACKAGE_STRING "QuantLib 1.9"
| #define PACKAGE_BUGREPORT "quantlib-dev@lists.sourceforge.net"
| #define PACKAGE_URL ""
| #define PACKAGE "QuantLib"
| #define VERSION "1.9"
| #define STDC_HEADERS 1
| #define HAVE_SYS_TYPES_H 1
| #define HAVE_SYS_STAT_H 1
| #define HAVE_STDLIB_H 1
| #define HAVE_STRING_H 1
| #define HAVE_MEMORY_H 1
| #define HAVE_STRINGS_H 1
| #define HAVE_INTTYPES_H 1
| #define HAVE_STDINT_H 1
| #define HAVE_UNISTD_H 1
| #define HAVE_DLFCN_H 1
| #define LT_OBJDIR ".libs/"
| #define QL_HAVE_ASINH /**/
| /* end confdefs.h.  */
| #include <boost/test/unit_test.hpp>
|           using namespace boost::unit_test_framework;
|           test_suite*
|           init_unit_test_suite(int argc, char** argv)
|           {
|               return (test_suite*) 0;
|           }
| 
configure:16179: g++ -o conftest -g -O2 -DBOOST_TEST_MAIN -DBOOST_TEST_DYN_LINK   conftest.cpp  -lboost_unit_test_framework-gcc54 >&5
/usr/bin/ld: cannot find -lboost_unit_test_framework-gcc54
collect2: error: ld returned 1 exit status
configure:16179: $? = 1
configure: failed program was:
| /* confdefs.h */
| #define PACKAGE_NAME "QuantLib"
| #define PACKAGE_TARNAME "QuantLib"
| #define PACKAGE_VERSION "1.9"
| #define PACKAGE_STRING "QuantLib 1.9"
| #define PACKAGE_BUGREPORT "quantlib-dev@lists.sourceforge.net"
| #define PACKAGE_URL ""
| #define PACKAGE "QuantLib"
| #define VERSION "1.9"
| #define STDC_HEADERS 1
| #define HAVE_SYS_TYPES_H 1
| #define HAVE_SYS_STAT_H 1
| #define HAVE_STDLIB_H 1
| #define HAVE_STRING_H 1
| #define HAVE_MEMORY_H 1
| #define HAVE_STRINGS_H 1
| #define HAVE_INTTYPES_H 1
| #define HAVE_STDINT_H 1
| #define HAVE_UNISTD_H 1
| #define HAVE_DLFCN_H 1
| #define LT_OBJDIR ".libs/"
| #define QL_HAVE_ASINH /**/
| /* end confdefs.h.  */
| #include <boost/test/unit_test.hpp>
|           using namespace boost::unit_test_framework;
|           test_suite*
|           init_unit_test_suite(int argc, char** argv)
|           {
|               return (test_suite*) 0;
|           }
| 
configure:16158: g++ -o conftest -g -O2   conftest.cpp  -lboost_unit_test_framework-gcc >&5
/usr/bin/ld: cannot find -lboost_unit_test_framework-gcc
collect2: error: ld returned 1 exit status
configure:16158: $? = 1
configure: failed program was:
| /* confdefs.h */
| #define PACKAGE_NAME "QuantLib"
| #define PACKAGE_TARNAME "QuantLib"
| #define PACKAGE_VERSION "1.9"
| #define PACKAGE_STRING "QuantLib 1.9"
| #define PACKAGE_BUGREPORT "quantlib-dev@lists.sourceforge.net"
| #define PACKAGE_URL ""
| #define PACKAGE "QuantLib"
| #define VERSION "1.9"
| #define STDC_HEADERS 1
| #define HAVE_SYS_TYPES_H 1
| #define HAVE_SYS_STAT_H 1
| #define HAVE_STDLIB_H 1
| #define HAVE_STRING_H 1
| #define HAVE_MEMORY_H 1
| #define HAVE_STRINGS_H 1
| #define HAVE_INTTYPES_H 1
| #define HAVE_STDINT_H 1
| #define HAVE_UNISTD_H 1
| #define HAVE_DLFCN_H 1
| #define LT_OBJDIR ".libs/"
| #define QL_HAVE_ASINH /**/
| /* end confdefs.h.  */
| #include <boost/test/unit_test.hpp>
|           using namespace boost::unit_test_framework;
|           test_suite*
|           init_unit_test_suite(int argc, char** argv)
|           {
|               return (test_suite*) 0;
|           }
| 
configure:16179: g++ -o conftest -g -O2 -DBOOST_TEST_MAIN -DBOOST_TEST_DYN_LINK   conftest.cpp  -lboost_unit_test_framework-gcc >&5
/usr/bin/ld: cannot find -lboost_unit_test_framework-gcc
collect2: error: ld returned 1 exit status
configure:16179: $? = 1
configure: failed program was:
| /* confdefs.h */
| #define PACKAGE_NAME "QuantLib"
| #define PACKAGE_TARNAME "QuantLib"
| #define PACKAGE_VERSION "1.9"
| #define PACKAGE_STRING "QuantLib 1.9"
| #define PACKAGE_BUGREPORT "quantlib-dev@lists.sourceforge.net"
| #define PACKAGE_URL ""
| #define PACKAGE "QuantLib"
| #define VERSION "1.9"
| #define STDC_HEADERS 1
| #define HAVE_SYS_TYPES_H 1
| #define HAVE_SYS_STAT_H 1
| #define HAVE_STDLIB_H 1
| #define HAVE_STRING_H 1
| #define HAVE_MEMORY_H 1
| #define HAVE_STRINGS_H 1
| #define HAVE_INTTYPES_H 1
| #define HAVE_STDINT_H 1
| #define HAVE_UNISTD_H 1
| #define HAVE_DLFCN_H 1
| #define LT_OBJDIR ".libs/"
| #define QL_HAVE_ASINH /**/
| /* end confdefs.h.  */
| #include <boost/test/unit_test.hpp>
|           using namespace boost::unit_test_framework;
|           test_suite*
|           init_unit_test_suite(int argc, char** argv)
|           {
|               return (test_suite*) 0;
|           }
| 
configure:16158: g++ -o conftest -g -O2   conftest.cpp  -lboost_unit_test_framework >&5
/usr/lib/gcc/x86_64-linux-gnu/5/../../../x86_64-linux-gnu/crt1.o: In function `_start':
(.text+0x20): undefined reference to `main'
collect2: error: ld returned 1 exit status
configure:16158: $? = 1
configure: failed program was:
| /* confdefs.h */
| #define PACKAGE_NAME "QuantLib"
| #define PACKAGE_TARNAME "QuantLib"
| #define PACKAGE_VERSION "1.9"
| #define PACKAGE_STRING "QuantLib 1.9"
| #define PACKAGE_BUGREPORT "quantlib-dev@lists.sourceforge.net"
| #define PACKAGE_URL ""
| #define PACKAGE "QuantLib"
| #define VERSION "1.9"
| #define STDC_HEADERS 1
| #define HAVE_SYS_TYPES_H 1
| #define HAVE_SYS_STAT_H 1
| #define HAVE_STDLIB_H 1
| #define HAVE_STRING_H 1
| #define HAVE_MEMORY_H 1
| #define HAVE_STRINGS_H 1
| #define HAVE_INTTYPES_H 1
| #define HAVE_STDINT_H 1
| #define HAVE_UNISTD_H 1
| #define HAVE_DLFCN_H 1
| #define LT_OBJDIR ".libs/"
| #define QL_HAVE_ASINH /**/
| /* end confdefs.h.  */
| #include <boost/test/unit_test.hpp>
|           using namespace boost::unit_test_framework;
|           test_suite*
|           init_unit_test_suite(int argc, char** argv)
|           {
|               return (test_suite*) 0;
|           }
| 
configure:16179: g++ -o conftest -g -O2 -DBOOST_TEST_MAIN -DBOOST_TEST_DYN_LINK   conftest.cpp  -lboost_unit_test_framework >&5
configure:16179: $? = 0
configure:16201: result: yes
configure:16209: checking whether Boost unit-test streams work
configure:16224: g++ -c -g -O2  conftest.cpp >&5
configure:16224: $? = 0
configure:16225: result: yes
configure:16254: checking long long support
configure:16269: g++ -c -g -O2  conftest.cpp >&5
configure:16269: $? = 0
configure:16270: result: yes
configure:16292: checking for emacs
configure:16308: found /usr/bin/emacs
configure:16319: result: emacs
configure:16343: checking where .elc files should go
configure:16356: $EMACS -batch -Q -eval '(while load-path (princ (concat (car load-path) "\n")) (setq load-path (cdr load-path)))' </dev/null >conftest.out
configure:16359: $? = 0
configure:16372: result: ${datadir}/emacs/site-lisp
configure:16392: checking for doxygen
configure:16410: found /usr/bin/doxygen
configure:16422: result: /usr/bin/doxygen
configure:16432: checking for sed
configure:16462: result: /bin/sed
configure:16472: checking for latex
configure:16505: result: no
configure:16512: checking for pdflatex
configure:16545: result: no
configure:16552: checking for makeindex
configure:16585: result: no
configure:16592: checking for dvips
configure:16625: result: no
configure:16685: checking whether to add file and line information to errors
configure:16692: result: no
configure:16702: checking whether to add function information to errors
configure:16709: result: no
configure:16719: checking whether to enable tracing
configure:16726: result: no
configure:16729: checking whether to enable indexed coupons
configure:16743: result: no
configure:16746: checking whether to enable negative rates
configure:16760: result: yes
configure:16763: checking whether to enable extra safety checks
configure:16777: result: no
configure:16780: checking whether to enable sessions
configure:16794: result: no
configure:16797: checking whether to enable thread-safe observer pattern
configure:16806: result: no
configure:16814: checking whether to enable thread-safe singleton initialization
configure:16828: result: no
configure:16930: checking whether to enable parallel unit test runner
configure:16939: result: no
configure:17090: checking whether to install examples
configure:17107: result: no
configure:17110: checking whether to install the benchmark
configure:17127: result: no
configure:17130: checking whether to enable intraday date and daycounters
configure:17144: result: no
configure:17280: checking that generated files are newer than configure
configure:17286: result: done
configure:17333: creating ./config.status

## ---------------------- ##
## Running config.status. ##
## ---------------------- ##

This file was extended by QuantLib config.status 1.9, which was
generated by GNU Autoconf 2.69.  Invocation command line was

  CONFIG_FILES    = 
  CONFIG_HEADERS  = 
  CONFIG_LINKS    = 
  CONFIG_COMMANDS = 
  $ ./config.status 

on aashaka-Inspiron-3537

config.status:1296: creating Makefile
config.status:1296: creating config/Makefile
config.status:1296: creating ql/Makefile
config.status:1296: creating ql/cashflows/Makefile
config.status:1296: creating ql/currencies/Makefile
config.status:1296: creating ql/experimental/Makefile
config.status:1296: creating ql/experimental/amortizingbonds/Makefile
config.status:1296: creating ql/experimental/averageois/Makefile
config.status:1296: creating ql/experimental/barrieroption/Makefile
config.status:1296: creating ql/experimental/callablebonds/Makefile
config.status:1296: creating ql/experimental/catbonds/Makefile
config.status:1296: creating ql/experimental/commodities/Makefile
config.status:1296: creating ql/experimental/convertiblebonds/Makefile
config.status:1296: creating ql/experimental/coupons/Makefile
config.status:1296: creating ql/experimental/credit/Makefile
config.status:1296: creating ql/experimental/exoticoptions/Makefile
config.status:1296: creating ql/experimental/finitedifferences/Makefile
config.status:1296: creating ql/experimental/fx/Makefile
config.status:1296: creating ql/experimental/inflation/Makefile
config.status:1296: creating ql/experimental/lattices/Makefile
config.status:1296: creating ql/experimental/math/Makefile
config.status:1296: creating ql/experimental/mcbasket/Makefile
config.status:1296: creating ql/experimental/models/Makefile
config.status:1296: creating ql/experimental/processes/Makefile
config.status:1296: creating ql/experimental/risk/Makefile
config.status:1296: creating ql/experimental/shortrate/Makefile
config.status:1296: creating ql/experimental/swaptions/Makefile
config.status:1296: creating ql/experimental/termstructures/Makefile
config.status:1296: creating ql/experimental/variancegamma/Makefile
config.status:1296: creating ql/experimental/varianceoption/Makefile
config.status:1296: creating ql/experimental/volatility/Makefile
config.status:1296: creating ql/indexes/Makefile
config.status:1296: creating ql/indexes/ibor/Makefile
config.status:1296: creating ql/indexes/inflation/Makefile
config.status:1296: creating ql/indexes/swap/Makefile
config.status:1296: creating ql/instruments/Makefile
config.status:1296: creating ql/instruments/bonds/Makefile
config.status:1296: creating ql/legacy/Makefile
config.status:1296: creating ql/legacy/libormarketmodels/Makefile
config.status:1296: creating ql/math/Makefile
config.status:1296: creating ql/math/copulas/Makefile
config.status:1296: creating ql/math/distributions/Makefile
config.status:1296: creating ql/math/integrals/Makefile
config.status:1296: creating ql/math/interpolations/Makefile
config.status:1296: creating ql/math/matrixutilities/Makefile
config.status:1296: creating ql/math/ode/Makefile
config.status:1296: creating ql/math/optimization/Makefile
config.status:1296: creating ql/math/randomnumbers/Makefile
config.status:1296: creating ql/math/solvers1d/Makefile
config.status:1296: creating ql/math/statistics/Makefile
config.status:1296: creating ql/methods/Makefile
config.status:1296: creating ql/methods/finitedifferences/Makefile
config.status:1296: creating ql/methods/finitedifferences/meshers/Makefile
config.status:1296: creating ql/methods/finitedifferences/operators/Makefile
config.status:1296: creating ql/methods/finitedifferences/schemes/Makefile
config.status:1296: creating ql/methods/finitedifferences/solvers/Makefile
config.status:1296: creating ql/methods/finitedifferences/stepconditions/Makefile
config.status:1296: creating ql/methods/finitedifferences/utilities/Makefile
config.status:1296: creating ql/methods/lattices/Makefile
config.status:1296: creating ql/methods/montecarlo/Makefile
config.status:1296: creating ql/models/Makefile
config.status:1296: creating ql/models/equity/Makefile
config.status:1296: creating ql/models/marketmodels/Makefile
config.status:1296: creating ql/models/marketmodels/browniangenerators/Makefile
config.status:1296: creating ql/models/marketmodels/callability/Makefile
config.status:1296: creating ql/models/marketmodels/correlations/Makefile
config.status:1296: creating ql/models/marketmodels/curvestates/Makefile
config.status:1296: creating ql/models/marketmodels/driftcomputation/Makefile
config.status:1296: creating ql/models/marketmodels/evolvers/Makefile
config.status:1296: creating ql/models/marketmodels/evolvers/volprocesses/Makefile
config.status:1296: creating ql/models/marketmodels/models/Makefile
config.status:1296: creating ql/models/marketmodels/pathwisegreeks/Makefile
config.status:1296: creating ql/models/marketmodels/products/Makefile
config.status:1296: creating ql/models/marketmodels/products/onestep/Makefile
config.status:1296: creating ql/models/marketmodels/products/multistep/Makefile
config.status:1296: creating ql/models/marketmodels/products/pathwise/Makefile
config.status:1296: creating ql/models/shortrate/Makefile
config.status:1296: creating ql/models/shortrate/calibrationhelpers/Makefile
config.status:1296: creating ql/models/shortrate/onefactormodels/Makefile
config.status:1296: creating ql/models/shortrate/twofactormodels/Makefile
config.status:1296: creating ql/models/volatility/Makefile
config.status:1296: creating ql/patterns/Makefile
config.status:1296: creating ql/pricingengines/Makefile
config.status:1296: creating ql/pricingengines/asian/Makefile
config.status:1296: creating ql/pricingengines/barrier/Makefile
config.status:1296: creating ql/pricingengines/basket/Makefile
config.status:1296: creating ql/pricingengines/bond/Makefile
config.status:1296: creating ql/pricingengines/capfloor/Makefile
config.status:1296: creating ql/pricingengines/cliquet/Makefile
config.status:1296: creating ql/pricingengines/credit/Makefile
config.status:1296: creating ql/pricingengines/forward/Makefile
config.status:1296: creating ql/pricingengines/inflation/Makefile
config.status:1296: creating ql/pricingengines/lookback/Makefile
config.status:1296: creating ql/pricingengines/quanto/Makefile
config.status:1296: creating ql/pricingengines/swap/Makefile
config.status:1296: creating ql/pricingengines/swaption/Makefile
config.status:1296: creating ql/pricingengines/vanilla/Makefile
config.status:1296: creating ql/processes/Makefile
config.status:1296: creating ql/quotes/Makefile
config.status:1296: creating ql/termstructures/Makefile
config.status:1296: creating ql/termstructures/credit/Makefile
config.status:1296: creating ql/termstructures/inflation/Makefile
config.status:1296: creating ql/termstructures/volatility/Makefile
config.status:1296: creating ql/termstructures/volatility/equityfx/Makefile
config.status:1296: creating ql/termstructures/volatility/capfloor/Makefile
config.status:1296: creating ql/termstructures/volatility/inflation/Makefile
config.status:1296: creating ql/termstructures/volatility/optionlet/Makefile
config.status:1296: creating ql/termstructures/volatility/swaption/Makefile
config.status:1296: creating ql/termstructures/yield/Makefile
config.status:1296: creating ql/time/Makefile
config.status:1296: creating ql/time/calendars/Makefile
config.status:1296: creating ql/time/daycounters/Makefile
config.status:1296: creating ql/utilities/Makefile
config.status:1296: creating man/Makefile
config.status:1296: creating m4/Makefile
config.status:1296: creating Docs/Makefile
config.status:1296: creating Examples/Makefile
config.status:1296: creating Examples/Bonds/Makefile
config.status:1296: creating quantlib-config
config.status:1296: creating QuantLib.spec
config.status:1296: creating quantlib.pc
config.status:1296: creating ql/config.hpp
config.status:1477: ql/config.hpp is unchanged
config.status:1525: executing depfiles commands
config.status:1525: executing libtool commands

## ---------------- ##
## Cache variables. ##
## ---------------- ##

ac_cv_build=x86_64-unknown-linux-gnu
ac_cv_c_compiler_gnu=yes
ac_cv_cxx_compiler_gnu=yes
ac_cv_env_CCC_set=
ac_cv_env_CCC_value=
ac_cv_env_CC_set=
ac_cv_env_CC_value=
ac_cv_env_CFLAGS_set=
ac_cv_env_CFLAGS_value=
ac_cv_env_CPPFLAGS_set=
ac_cv_env_CPPFLAGS_value=
ac_cv_env_CPP_set=
ac_cv_env_CPP_value=
ac_cv_env_CXXCPP_set=
ac_cv_env_CXXCPP_value=
ac_cv_env_CXXFLAGS_set=
ac_cv_env_CXXFLAGS_value=
ac_cv_env_CXX_set=
ac_cv_env_CXX_value=
ac_cv_env_EMACSLOADPATH_set=
ac_cv_env_EMACSLOADPATH_value=
ac_cv_env_EMACS_set=
ac_cv_env_EMACS_value=
ac_cv_env_LDFLAGS_set=
ac_cv_env_LDFLAGS_value=
ac_cv_env_LIBS_set=
ac_cv_env_LIBS_value=
ac_cv_env_LT_SYS_LIBRARY_PATH_set=
ac_cv_env_LT_SYS_LIBRARY_PATH_value=
ac_cv_env_build_alias_set=
ac_cv_env_build_alias_value=
ac_cv_env_host_alias_set=
ac_cv_env_host_alias_value=
ac_cv_env_target_alias_set=
ac_cv_env_target_alias_value=
ac_cv_header_dlfcn_h=yes
ac_cv_header_inttypes_h=yes
ac_cv_header_memory_h=yes
ac_cv_header_stdc=yes
ac_cv_header_stdint_h=yes
ac_cv_header_stdlib_h=yes
ac_cv_header_string_h=yes
ac_cv_header_strings_h=yes
ac_cv_header_sys_stat_h=yes
ac_cv_header_sys_types_h=yes
ac_cv_header_unistd_h=yes
ac_cv_host=x86_64-unknown-linux-gnu
ac_cv_objext=o
ac_cv_path_DOXYGEN=/usr/bin/doxygen
ac_cv_path_EGREP='/bin/grep -E'
ac_cv_path_FGREP='/bin/grep -F'
ac_cv_path_GREP=/bin/grep
ac_cv_path_SED=/bin/sed
ac_cv_path_install='/usr/bin/install -c'
ac_cv_path_lt_DD=/bin/dd
ac_cv_path_mkdir=/bin/mkdir
ac_cv_prog_AWK=mawk
ac_cv_prog_CPP='gcc -E'
ac_cv_prog_CXXCPP='g++ -E'
ac_cv_prog_EMACS=emacs
ac_cv_prog_ac_ct_AR=ar
ac_cv_prog_ac_ct_CC=gcc
ac_cv_prog_ac_ct_CXX=g++
ac_cv_prog_ac_ct_MANIFEST_TOOL=mt
ac_cv_prog_ac_ct_OBJDUMP=objdump
ac_cv_prog_ac_ct_RANLIB=ranlib
ac_cv_prog_ac_ct_STRIP=strip
ac_cv_prog_cc_c89=
ac_cv_prog_cc_g=yes
ac_cv_prog_cxx_g=yes
ac_cv_prog_make_make_set=yes
am_cv_CC_dependencies_compiler_type=gcc3
am_cv_CXX_dependencies_compiler_type=gcc3
am_cv_lispdir='${datadir}/emacs/site-lisp'
am_cv_make_support_nested_variables=yes
am_cv_prog_cc_c_o=yes
lt_cv_ar_at_file=@
lt_cv_archive_cmds_need_lc=no
lt_cv_deplibs_check_method=pass_all
lt_cv_file_magic_cmd='$MAGIC_CMD'
lt_cv_file_magic_test_file=
lt_cv_ld_reload_flag=-r
lt_cv_nm_interface='BSD nm'
lt_cv_objdir=.libs
lt_cv_path_LD=/usr/bin/ld
lt_cv_path_LDCXX='/usr/bin/ld -m elf_x86_64'
lt_cv_path_NM='/usr/bin/nm -B'
lt_cv_path_mainfest_tool=no
lt_cv_prog_compiler_c_o=yes
lt_cv_prog_compiler_c_o_CXX=yes
lt_cv_prog_compiler_pic='-fPIC -DPIC'
lt_cv_prog_compiler_pic_CXX='-fPIC -DPIC'
lt_cv_prog_compiler_pic_works=yes
lt_cv_prog_compiler_pic_works_CXX=yes
lt_cv_prog_compiler_rtti_exceptions=no
lt_cv_prog_compiler_static_works=yes
lt_cv_prog_compiler_static_works_CXX=yes
lt_cv_prog_gnu_ld=yes
lt_cv_prog_gnu_ldcxx=yes
lt_cv_sharedlib_from_linklib_cmd='printf %s\n'
lt_cv_shlibpath_overrides_runpath=no
lt_cv_sys_global_symbol_pipe='sed -n -e '\''s/^.*[	 ]\([ABCDGIRSTW][ABCDGIRSTW]*\)[	 ][	 ]*\([_A-Za-z][_A-Za-z0-9]*\)$/\1 \2 \2/p'\'' | sed '\''/ __gnu_lto/d'\'''
lt_cv_sys_global_symbol_to_c_name_address='sed -n -e '\''s/^: \(.*\) .*$/  {"\1", (void *) 0},/p'\'' -e '\''s/^[ABCDGIRSTW][ABCDGIRSTW]* .* \(.*\)$/  {"\1", (void *) \&\1},/p'\'''
lt_cv_sys_global_symbol_to_c_name_address_lib_prefix='sed -n -e '\''s/^: \(.*\) .*$/  {"\1", (void *) 0},/p'\'' -e '\''s/^[ABCDGIRSTW][ABCDGIRSTW]* .* \(lib.*\)$/  {"\1", (void *) \&\1},/p'\'' -e '\''s/^[ABCDGIRSTW][ABCDGIRSTW]* .* \(.*\)$/  {"lib\1", (void *) \&\1},/p'\'''
lt_cv_sys_global_symbol_to_cdecl='sed -n -e '\''s/^T .* \(.*\)$/extern int \1();/p'\'' -e '\''s/^[ABCDGIRSTW][ABCDGIRSTW]* .* \(.*\)$/extern char \1;/p'\'''
lt_cv_sys_global_symbol_to_import=
lt_cv_sys_max_cmd_len=1572864
lt_cv_to_host_file_cmd=func_convert_file_noop
lt_cv_to_tool_file_cmd=func_convert_file_noop
lt_cv_truncate_bin='/bin/dd bs=4096 count=1'

## ----------------- ##
## Output variables. ##
## ----------------- ##

ACLOCAL='${SHELL} /home/aashaka/QuantLib-1.9/config/missing aclocal-1.15'
AMDEPBACKSLASH='\'
AMDEP_FALSE='#'
AMDEP_TRUE=''
AMTAR='$${TAR-tar}'
AM_BACKSLASH='\'
AM_DEFAULT_V='$(AM_DEFAULT_VERBOSITY)'
AM_DEFAULT_VERBOSITY='1'
AM_V='$(V)'
AR='ar'
AUTOCONF='${SHELL} /home/aashaka/QuantLib-1.9/config/missing autoconf'
AUTOHEADER='${SHELL} /home/aashaka/QuantLib-1.9/config/missing autoheader'
AUTOMAKE='${SHELL} /home/aashaka/QuantLib-1.9/config/missing automake-1.15'
AUTO_BENCHMARK_FALSE=''
AUTO_BENCHMARK_TRUE='#'
AUTO_EXAMPLES_FALSE=''
AUTO_EXAMPLES_TRUE='#'
AWK='mawk'
BOOST_INCLUDE=''
BOOST_INTERPROCESS_LIB=''
BOOST_LIB=''
BOOST_THREAD_LIB=''
BOOST_UNIT_TEST_DEFINE='-DQL_WORKING_BOOST_STREAMS'
BOOST_UNIT_TEST_FOUND_FALSE='#'
BOOST_UNIT_TEST_FOUND_TRUE=''
BOOST_UNIT_TEST_LIB='boost_unit_test_framework'
BOOST_UNIT_TEST_MAIN_CXXFLAGS='-DBOOST_TEST_DYN_LINK'
CC='gcc'
CCDEPMODE='depmode=gcc3'
CFLAGS='-g -O2'
CPP='gcc -E'
CPPFLAGS=''
CXX='g++'
CXXCPP='g++ -E'
CXXDEPMODE='depmode=gcc3'
CXXFLAGS='-g -O2'
CYGPATH_W='echo'
DEFS='-DHAVE_CONFIG_H'
DEPDIR='.deps'
DLLTOOL='false'
DOXYGEN='/usr/bin/doxygen'
DSYMUTIL=''
DUMPBIN=''
DVIPS=''
ECHO_C=''
ECHO_N='-n'
ECHO_T=''
EGREP='/bin/grep -E'
EMACS='emacs'
EMACSLOADPATH=''
EMACS_FOUND_FALSE='#'
EMACS_FOUND_TRUE=''
ENABLE_STATIC_FALSE='#'
ENABLE_STATIC_TRUE=''
EXEEXT=''
FGREP='/bin/grep -F'
GREP='/bin/grep'
INSTALL_DATA='${INSTALL} -m 644'
INSTALL_PROGRAM='${INSTALL}'
INSTALL_SCRIPT='${INSTALL}'
INSTALL_STRIP_PROGRAM='$(install_sh) -c -s'
LATEX=''
LD='/usr/bin/ld -m elf_x86_64'
LDFLAGS=''
LIBOBJS=''
LIBS=''
LIBTOOL='$(SHELL) $(top_builddir)/libtool'
LIPO=''
LN_S='ln -s'
LTLIBOBJS=''
LT_SYS_LIBRARY_PATH=''
MAKEINDEX=''
MAKEINFO='${SHELL} /home/aashaka/QuantLib-1.9/config/missing makeinfo'
MANIFEST_TOOL=':'
MKDIR_P='/bin/mkdir -p'
NM='/usr/bin/nm -B'
NMEDIT=''
OBJDUMP='objdump'
OBJEXT='o'
OPENMP_CXXFLAGS=''
OTOOL64=''
OTOOL=''
PACKAGE='QuantLib'
PACKAGE_BUGREPORT='quantlib-dev@lists.sourceforge.net'
PACKAGE_NAME='QuantLib'
PACKAGE_STRING='QuantLib 1.9'
PACKAGE_TARNAME='QuantLib'
PACKAGE_URL=''
PACKAGE_VERSION='1.9'
PATH_SEPARATOR=':'
PDFLATEX=''
RANLIB='ranlib'
SED='/bin/sed'
SET_MAKE=''
SHELL='/bin/bash'
STRIP='strip'
VERSION='1.9'
ac_ct_AR='ar'
ac_ct_CC='gcc'
ac_ct_CXX='g++'
ac_ct_DUMPBIN=''
am__EXEEXT_FALSE=''
am__EXEEXT_TRUE='#'
am__fastdepCC_FALSE='#'
am__fastdepCC_TRUE=''
am__fastdepCXX_FALSE='#'
am__fastdepCXX_TRUE=''
am__include='include'
am__isrc=''
am__leading_dot='.'
am__nodep='_no'
am__quote=''
am__tar='$${TAR-tar} chof - "$$tardir"'
am__untar='$${TAR-tar} xf -'
bindir='${exec_prefix}/bin'
build='x86_64-unknown-linux-gnu'
build_alias=''
build_cpu='x86_64'
build_os='linux-gnu'
build_vendor='unknown'
datadir='${datarootdir}'
datarootdir='${prefix}/share'
docdir='${datarootdir}/doc/${PACKAGE_TARNAME}'
dvidir='${docdir}'
exec_prefix='${prefix}'
host='x86_64-unknown-linux-gnu'
host_alias=''
host_cpu='x86_64'
host_os='linux-gnu'
host_vendor='unknown'
htmldir='${docdir}'
includedir='${prefix}/include'
infodir='${datarootdir}/info'
install_sh='${SHELL} /home/aashaka/QuantLib-1.9/config/install-sh'
libdir='${exec_prefix}/lib'
libexecdir='${exec_prefix}/libexec'
lispdir='${datadir}/emacs/site-lisp'
localedir='${datarootdir}/locale'
localstatedir='${prefix}/var'
mandir='${datarootdir}/man'
mkdir_p='$(MKDIR_P)'
oldincludedir='/usr/include'
pdfdir='${docdir}'
prefix='/usr/local'
program_transform_name='s,x,x,'
psdir='${docdir}'
runstatedir='${localstatedir}/run'
sbindir='${exec_prefix}/sbin'
sharedstatedir='${prefix}/com'
sysconfdir='${prefix}/etc'
target_alias=''

## ----------- ##
## confdefs.h. ##
## ----------- ##

/* confdefs.h */
#define PACKAGE_NAME "QuantLib"
#define PACKAGE_TARNAME "QuantLib"
#define PACKAGE_VERSION "1.9"
#define PACKAGE_STRING "QuantLib 1.9"
#define PACKAGE_BUGREPORT "quantlib-dev@lists.sourceforge.net"
#define PACKAGE_URL ""
#define PACKAGE "QuantLib"
#define VERSION "1.9"
#define STDC_HEADERS 1
#define HAVE_SYS_TYPES_H 1
#define HAVE_SYS_STAT_H 1
#define HAVE_STDLIB_H 1
#define HAVE_STRING_H 1
#define HAVE_MEMORY_H 1
#define HAVE_STRINGS_H 1
#define HAVE_INTTYPES_H 1
#define HAVE_STDINT_H 1
#define HAVE_UNISTD_H 1
#define HAVE_DLFCN_H 1
#define LT_OBJDIR ".libs/"
#define QL_HAVE_ASINH /**/
#define QL_HAVE_LONG_LONG /**/
#define QL_NEGATIVE_RATES 1

configure: exit 0

## ---------------------- ##
## Running config.status. ##
## ---------------------- ##

This file was extended by QuantLib config.status 1.9, which was
generated by GNU Autoconf 2.69.  Invocation command line was

  CONFIG_FILES    = 
  CONFIG_HEADERS  = 
  CONFIG_LINKS    = 
  CONFIG_COMMANDS = 
  $ ./config.status ql/time/calendars/Makefile depfiles

on aashaka-Inspiron-3537

config.status:1296: creating ql/time/calendars/Makefile
config.status:1525: executing depfiles commands
